2025-05-28 17:51:36,282 - INFO - Video uploaded successfully.
2025-05-28 17:51:36,282 - INFO - Video uploaded successfully.
2025-05-28 17:51:36,282 - INFO - Video uploaded successfully.
2025-05-28 17:51:36,511 - INFO - Snapshot captured from video.
2025-05-28 17:51:36,511 - INFO - Snapshot captured from video.
2025-05-28 17:51:36,511 - INFO - Snapshot captured from video.
2025-05-28 17:51:38,585 - INFO - Video uploaded successfully.
2025-05-28 17:51:38,585 - INFO - Video uploaded successfully.
2025-05-28 17:51:38,585 - INFO - Video uploaded successfully.
2025-05-28 17:51:38,585 - INFO - Video uploaded successfully.
2025-05-28 17:51:38,585 - INFO - Video uploaded successfully.
2025-05-28 17:51:38,585 - INFO - Video uploaded successfully.
2025-05-28 17:51:39,188 - INFO - Video uploaded successfully.
2025-05-28 17:51:39,189 - INFO - Video uploaded successfully.
2025-05-28 17:51:39,188 - INFO - Video uploaded successfully.
2025-05-28 17:51:39,189 - INFO - Video uploaded successfully.
2025-05-28 17:51:39,188 - INFO - Video uploaded successfully.
2025-05-28 17:51:39,189 - INFO - Video uploaded successfully.
2025-05-28 17:51:39,188 - INFO - Video uploaded successfully.
2025-05-28 17:51:39,189 - INFO - Video uploaded successfully.
2025-05-28 17:51:39,188 - INFO - Video uploaded successfully.
2025-05-28 17:51:39,188 - INFO - Video uploaded successfully.
2025-05-28 17:51:39,189 - INFO - Video uploaded successfully.
2025-05-28 17:51:39,189 - INFO - Video uploaded successfully.
2025-05-28 17:51:39,441 - INFO - Snapshot captured from video.
2025-05-28 17:51:39,441 - INFO - Snapshot captured from video.
2025-05-28 17:51:39,441 - INFO - Snapshot captured from video.
2025-05-28 17:51:39,441 - INFO - Snapshot captured from video.
2025-05-28 17:51:39,441 - INFO - Snapshot captured from video.
2025-05-28 17:51:39,441 - INFO - Snapshot captured from video.
2025-05-28 17:51:50,862 - INFO - Video uploaded successfully.
2025-05-28 17:51:50,862 - INFO - Video uploaded successfully.
2025-05-28 17:51:50,862 - INFO - Video uploaded successfully.
2025-05-28 17:51:50,862 - INFO - Video uploaded successfully.
2025-05-28 17:51:50,862 - INFO - Video uploaded successfully.
2025-05-28 17:51:50,862 - INFO - Video uploaded successfully.
2025-05-28 17:51:50,862 - INFO - Video uploaded successfully.
2025-05-28 17:51:51,004 - INFO - Snapshot captured from video.
2025-05-28 17:51:51,004 - INFO - Snapshot captured from video.
2025-05-28 17:51:51,004 - INFO - Snapshot captured from video.
2025-05-28 17:51:51,004 - INFO - Snapshot captured from video.
2025-05-28 17:51:51,004 - INFO - Snapshot captured from video.
2025-05-28 17:51:51,004 - INFO - Snapshot captured from video.
2025-05-28 17:51:51,004 - INFO - Snapshot captured from video.
2025-05-28 17:51:51,658 - INFO - Line 1: From (388.0, 441.0) to (703.0, 443.0)
2025-05-28 17:51:51,658 - INFO - Line 1: From (388.0, 441.0) to (703.0, 443.0)
2025-05-28 17:51:51,658 - INFO - Line 1: From (388.0, 441.0) to (703.0, 443.0)
2025-05-28 17:51:51,658 - INFO - Line 1: From (388.0, 441.0) to (703.0, 443.0)
2025-05-28 17:51:51,658 - INFO - Line 1: From (388.0, 441.0) to (703.0, 443.0)
2025-05-28 17:51:51,658 - INFO - Line 1: From (388.0, 441.0) to (703.0, 443.0)
2025-05-28 17:51:51,658 - INFO - Line 1: From (388.0, 441.0) to (703.0, 443.0)
2025-05-28 17:51:58,979 - INFO - Video uploaded successfully.
2025-05-28 17:51:58,979 - INFO - Video uploaded successfully.
2025-05-28 17:51:58,979 - INFO - Video uploaded successfully.
2025-05-28 17:51:58,979 - INFO - Video uploaded successfully.
2025-05-28 17:51:58,979 - INFO - Video uploaded successfully.
2025-05-28 17:51:58,979 - INFO - Video uploaded successfully.
2025-05-28 17:51:58,979 - INFO - Video uploaded successfully.
2025-05-28 17:51:58,979 - INFO - Video uploaded successfully.
2025-05-28 17:51:59,084 - INFO - Snapshot captured from video.
2025-05-28 17:51:59,084 - INFO - Snapshot captured from video.
2025-05-28 17:51:59,084 - INFO - Snapshot captured from video.
2025-05-28 17:51:59,084 - INFO - Snapshot captured from video.
2025-05-28 17:51:59,084 - INFO - Snapshot captured from video.
2025-05-28 17:51:59,084 - INFO - Snapshot captured from video.
2025-05-28 17:51:59,084 - INFO - Snapshot captured from video.
2025-05-28 17:51:59,084 - INFO - Snapshot captured from video.
2025-05-28 17:51:59,705 - INFO - Line 1: From (388.0, 441.0) to (703.0, 443.0)
2025-05-28 17:51:59,705 - INFO - Line 1: From (388.0, 441.0) to (703.0, 443.0)
2025-05-28 17:51:59,705 - INFO - Line 1: From (388.0, 441.0) to (703.0, 443.0)
2025-05-28 17:51:59,705 - INFO - Line 1: From (388.0, 441.0) to (703.0, 443.0)
2025-05-28 17:51:59,705 - INFO - Line 1: From (388.0, 441.0) to (703.0, 443.0)
2025-05-28 17:51:59,705 - INFO - Line 1: From (388.0, 441.0) to (703.0, 443.0)
2025-05-28 17:51:59,705 - INFO - Line 1: From (388.0, 441.0) to (703.0, 443.0)
2025-05-28 17:51:59,705 - INFO - Line 1: From (388.0, 441.0) to (703.0, 443.0)
2025-05-28 17:51:59,712 - INFO - Line 2: From (284.0, 462.0) to (703.0, 471.0)
2025-05-28 17:51:59,712 - INFO - Line 2: From (284.0, 462.0) to (703.0, 471.0)
2025-05-28 17:51:59,712 - INFO - Line 2: From (284.0, 462.0) to (703.0, 471.0)
2025-05-28 17:51:59,712 - INFO - Line 2: From (284.0, 462.0) to (703.0, 471.0)
2025-05-28 17:51:59,712 - INFO - Line 2: From (284.0, 462.0) to (703.0, 471.0)
2025-05-28 17:51:59,712 - INFO - Line 2: From (284.0, 462.0) to (703.0, 471.0)
2025-05-28 17:51:59,712 - INFO - Line 2: From (284.0, 462.0) to (703.0, 471.0)
2025-05-28 17:51:59,712 - INFO - Line 2: From (284.0, 462.0) to (703.0, 471.0)
2025-05-28 17:52:04,355 - INFO - Video uploaded successfully.
2025-05-28 17:52:04,355 - INFO - Video uploaded successfully.
2025-05-28 17:52:04,355 - INFO - Video uploaded successfully.
2025-05-28 17:52:04,355 - INFO - Video uploaded successfully.
2025-05-28 17:52:04,355 - INFO - Video uploaded successfully.
2025-05-28 17:52:04,355 - INFO - Video uploaded successfully.
2025-05-28 17:52:04,355 - INFO - Video uploaded successfully.
2025-05-28 17:52:04,355 - INFO - Video uploaded successfully.
2025-05-28 17:52:04,355 - INFO - Video uploaded successfully.
2025-05-28 17:52:04,459 - INFO - Snapshot captured from video.
2025-05-28 17:52:04,459 - INFO - Snapshot captured from video.
2025-05-28 17:52:04,459 - INFO - Snapshot captured from video.
2025-05-28 17:52:04,459 - INFO - Snapshot captured from video.
2025-05-28 17:52:04,459 - INFO - Snapshot captured from video.
2025-05-28 17:52:04,459 - INFO - Snapshot captured from video.
2025-05-28 17:52:04,459 - INFO - Snapshot captured from video.
2025-05-28 17:52:04,459 - INFO - Snapshot captured from video.
2025-05-28 17:52:04,459 - INFO - Snapshot captured from video.
2025-05-28 17:52:04,933 - INFO - Line 1: From (388.0, 441.0) to (703.0, 443.0)
2025-05-28 17:52:04,933 - INFO - Line 1: From (388.0, 441.0) to (703.0, 443.0)
2025-05-28 17:52:04,933 - INFO - Line 1: From (388.0, 441.0) to (703.0, 443.0)
2025-05-28 17:52:04,933 - INFO - Line 1: From (388.0, 441.0) to (703.0, 443.0)
2025-05-28 17:52:04,933 - INFO - Line 1: From (388.0, 441.0) to (703.0, 443.0)
2025-05-28 17:52:04,933 - INFO - Line 1: From (388.0, 441.0) to (703.0, 443.0)
2025-05-28 17:52:04,933 - INFO - Line 1: From (388.0, 441.0) to (703.0, 443.0)
2025-05-28 17:52:04,933 - INFO - Line 1: From (388.0, 441.0) to (703.0, 443.0)
2025-05-28 17:52:04,933 - INFO - Line 1: From (388.0, 441.0) to (703.0, 443.0)
2025-05-28 17:52:04,937 - INFO - Line 2: From (284.0, 462.0) to (703.0, 471.0)
2025-05-28 17:52:04,937 - INFO - Line 2: From (284.0, 462.0) to (703.0, 471.0)
2025-05-28 17:52:04,937 - INFO - Line 2: From (284.0, 462.0) to (703.0, 471.0)
2025-05-28 17:52:04,937 - INFO - Line 2: From (284.0, 462.0) to (703.0, 471.0)
2025-05-28 17:52:04,937 - INFO - Line 2: From (284.0, 462.0) to (703.0, 471.0)
2025-05-28 17:52:04,937 - INFO - Line 2: From (284.0, 462.0) to (703.0, 471.0)
2025-05-28 17:52:04,937 - INFO - Line 2: From (284.0, 462.0) to (703.0, 471.0)
2025-05-28 17:52:04,937 - INFO - Line 2: From (284.0, 462.0) to (703.0, 471.0)
2025-05-28 17:52:04,937 - INFO - Line 2: From (284.0, 462.0) to (703.0, 471.0)
2025-05-28 17:52:07,380 - INFO - Video uploaded successfully.
2025-05-28 17:52:07,380 - INFO - Video uploaded successfully.
2025-05-28 17:52:07,380 - INFO - Video uploaded successfully.
2025-05-28 17:52:07,380 - INFO - Video uploaded successfully.
2025-05-28 17:52:07,380 - INFO - Video uploaded successfully.
2025-05-28 17:52:07,380 - INFO - Video uploaded successfully.
2025-05-28 17:52:07,380 - INFO - Video uploaded successfully.
2025-05-28 17:52:07,380 - INFO - Video uploaded successfully.
2025-05-28 17:52:07,380 - INFO - Video uploaded successfully.
2025-05-28 17:52:07,380 - INFO - Video uploaded successfully.
2025-05-28 17:52:07,471 - INFO - Snapshot captured from video.
2025-05-28 17:52:07,471 - INFO - Snapshot captured from video.
2025-05-28 17:52:07,471 - INFO - Snapshot captured from video.
2025-05-28 17:52:07,471 - INFO - Snapshot captured from video.
2025-05-28 17:52:07,471 - INFO - Snapshot captured from video.
2025-05-28 17:52:07,471 - INFO - Snapshot captured from video.
2025-05-28 17:52:07,471 - INFO - Snapshot captured from video.
2025-05-28 17:52:07,471 - INFO - Snapshot captured from video.
2025-05-28 17:52:07,471 - INFO - Snapshot captured from video.
2025-05-28 17:52:07,471 - INFO - Snapshot captured from video.
2025-05-28 17:52:07,883 - INFO - Line 1: From (388.0, 441.0) to (703.0, 443.0)
2025-05-28 17:52:07,883 - INFO - Line 1: From (388.0, 441.0) to (703.0, 443.0)
2025-05-28 17:52:07,883 - INFO - Line 1: From (388.0, 441.0) to (703.0, 443.0)
2025-05-28 17:52:07,883 - INFO - Line 1: From (388.0, 441.0) to (703.0, 443.0)
2025-05-28 17:52:07,883 - INFO - Line 1: From (388.0, 441.0) to (703.0, 443.0)
2025-05-28 17:52:07,883 - INFO - Line 1: From (388.0, 441.0) to (703.0, 443.0)
2025-05-28 17:52:07,883 - INFO - Line 1: From (388.0, 441.0) to (703.0, 443.0)
2025-05-28 17:52:07,883 - INFO - Line 1: From (388.0, 441.0) to (703.0, 443.0)
2025-05-28 17:52:07,883 - INFO - Line 1: From (388.0, 441.0) to (703.0, 443.0)
2025-05-28 17:52:07,883 - INFO - Line 1: From (388.0, 441.0) to (703.0, 443.0)
2025-05-28 17:52:07,888 - INFO - Line 2: From (284.0, 462.0) to (703.0, 471.0)
2025-05-28 17:52:07,888 - INFO - Line 2: From (284.0, 462.0) to (703.0, 471.0)
2025-05-28 17:52:07,888 - INFO - Line 2: From (284.0, 462.0) to (703.0, 471.0)
2025-05-28 17:52:07,888 - INFO - Line 2: From (284.0, 462.0) to (703.0, 471.0)
2025-05-28 17:52:07,888 - INFO - Line 2: From (284.0, 462.0) to (703.0, 471.0)
2025-05-28 17:52:07,888 - INFO - Line 2: From (284.0, 462.0) to (703.0, 471.0)
2025-05-28 17:52:07,888 - INFO - Line 2: From (284.0, 462.0) to (703.0, 471.0)
2025-05-28 17:52:07,888 - INFO - Line 2: From (284.0, 462.0) to (703.0, 471.0)
2025-05-28 17:52:07,888 - INFO - Line 2: From (284.0, 462.0) to (703.0, 471.0)
2025-05-28 17:52:07,888 - INFO - Line 2: From (284.0, 462.0) to (703.0, 471.0)
2025-05-28 17:52:07,904 - INFO - Virtual lines configuration updated.
2025-05-28 17:52:07,904 - INFO - Virtual lines configuration updated.
2025-05-28 17:52:07,904 - INFO - Virtual lines configuration updated.
2025-05-28 17:52:07,904 - INFO - Virtual lines configuration updated.
2025-05-28 17:52:07,904 - INFO - Virtual lines configuration updated.
2025-05-28 17:52:07,904 - INFO - Virtual lines configuration updated.
2025-05-28 17:52:07,904 - INFO - Virtual lines configuration updated.
2025-05-28 17:52:07,904 - INFO - Virtual lines configuration updated.
2025-05-28 17:52:07,904 - INFO - Virtual lines configuration updated.
2025-05-28 17:52:07,904 - INFO - Virtual lines configuration updated.
2025-05-28 17:59:48,597 - INFO - Video processing complete.
2025-05-28 17:59:48,597 - INFO - Video processing complete.
2025-05-28 17:59:48,597 - INFO - Video processing complete.
2025-05-28 17:59:48,597 - INFO - Video processing complete.
2025-05-28 17:59:48,597 - INFO - Video processing complete.
2025-05-28 17:59:48,597 - INFO - Video processing complete.
2025-05-28 17:59:48,597 - INFO - Video processing complete.
2025-05-28 17:59:48,597 - INFO - Video processing complete.
2025-05-28 17:59:48,597 - INFO - Video processing complete.
2025-05-28 17:59:48,597 - INFO - Video processing complete.
2025-05-30 12:57:42,026 - INFO - Video uploaded successfully.
2025-05-30 12:57:42,026 - INFO - Video uploaded successfully.
2025-05-30 12:57:42,417 - INFO - Snapshot captured from video.
2025-05-30 12:57:42,417 - INFO - Snapshot captured from video.
2025-05-30 12:57:45,769 - INFO - Video uploaded successfully.
2025-05-30 12:57:45,769 - INFO - Video uploaded successfully.
2025-05-30 12:57:45,769 - INFO - Video uploaded successfully.
2025-05-30 12:57:45,769 - INFO - Video uploaded successfully.
2025-05-30 12:57:46,221 - INFO - Video uploaded successfully.
2025-05-30 12:57:46,221 - INFO - Video uploaded successfully.
2025-05-30 12:57:46,221 - INFO - Video uploaded successfully.
2025-05-30 12:57:46,221 - INFO - Video uploaded successfully.
2025-05-30 12:57:46,406 - INFO - Snapshot captured from video.
2025-05-30 12:57:46,406 - INFO - Snapshot captured from video.
2025-05-30 12:57:46,406 - INFO - Snapshot captured from video.
2025-05-30 12:57:46,406 - INFO - Snapshot captured from video.
2025-05-30 12:58:42,963 - INFO - Video uploaded successfully.
2025-05-30 12:58:42,963 - INFO - Video uploaded successfully.
2025-05-30 12:58:42,963 - INFO - Video uploaded successfully.
2025-05-30 12:58:42,963 - INFO - Video uploaded successfully.
2025-05-30 12:58:42,963 - INFO - Video uploaded successfully.
2025-05-30 12:58:42,963 - INFO - Video uploaded successfully.
2025-05-30 12:58:44,130 - INFO - Video uploaded successfully.
2025-05-30 12:58:44,130 - INFO - Video uploaded successfully.
2025-05-30 12:58:44,130 - INFO - Video uploaded successfully.
2025-05-30 12:58:44,130 - INFO - Video uploaded successfully.
2025-05-30 12:58:44,130 - INFO - Video uploaded successfully.
2025-05-30 12:58:44,130 - INFO - Video uploaded successfully.
2025-05-30 12:58:44,349 - INFO - Snapshot captured from video.
2025-05-30 12:58:44,349 - INFO - Snapshot captured from video.
2025-05-30 12:58:44,349 - INFO - Snapshot captured from video.
2025-05-30 12:58:44,349 - INFO - Snapshot captured from video.
2025-05-30 12:58:44,349 - INFO - Snapshot captured from video.
2025-05-30 12:58:44,349 - INFO - Snapshot captured from video.
2025-05-30 12:59:10,284 - INFO - Video uploaded successfully.
2025-05-30 12:59:10,284 - INFO - Video uploaded successfully.
2025-05-30 12:59:10,284 - INFO - Video uploaded successfully.
2025-05-30 12:59:10,284 - INFO - Video uploaded successfully.
2025-05-30 12:59:10,284 - INFO - Video uploaded successfully.
2025-05-30 12:59:10,284 - INFO - Video uploaded successfully.
2025-05-30 12:59:10,284 - INFO - Video uploaded successfully.
2025-05-30 12:59:10,284 - INFO - Video uploaded successfully.
2025-05-30 12:59:10,383 - INFO - Snapshot captured from video.
2025-05-30 12:59:10,383 - INFO - Snapshot captured from video.
2025-05-30 12:59:10,383 - INFO - Snapshot captured from video.
2025-05-30 12:59:10,383 - INFO - Snapshot captured from video.
2025-05-30 12:59:10,383 - INFO - Snapshot captured from video.
2025-05-30 12:59:10,383 - INFO - Snapshot captured from video.
2025-05-30 12:59:10,383 - INFO - Snapshot captured from video.
2025-05-30 12:59:10,383 - INFO - Snapshot captured from video.
2025-05-30 12:59:11,966 - INFO - Video uploaded successfully.
2025-05-30 12:59:11,966 - INFO - Video uploaded successfully.
2025-05-30 12:59:11,966 - INFO - Video uploaded successfully.
2025-05-30 12:59:11,966 - INFO - Video uploaded successfully.
2025-05-30 12:59:11,966 - INFO - Video uploaded successfully.
2025-05-30 12:59:11,966 - INFO - Video uploaded successfully.
2025-05-30 12:59:11,966 - INFO - Video uploaded successfully.
2025-05-30 12:59:11,966 - INFO - Video uploaded successfully.
2025-05-30 12:59:11,966 - INFO - Video uploaded successfully.
2025-05-30 12:59:11,966 - INFO - Video uploaded successfully.
2025-05-30 12:59:12,355 - INFO - Video uploaded successfully.
2025-05-30 12:59:12,355 - INFO - Video uploaded successfully.
2025-05-30 12:59:12,355 - INFO - Video uploaded successfully.
2025-05-30 12:59:12,355 - INFO - Video uploaded successfully.
2025-05-30 12:59:12,355 - INFO - Video uploaded successfully.
2025-05-30 12:59:12,355 - INFO - Video uploaded successfully.
2025-05-30 12:59:12,355 - INFO - Video uploaded successfully.
2025-05-30 12:59:12,355 - INFO - Video uploaded successfully.
2025-05-30 12:59:12,355 - INFO - Video uploaded successfully.
2025-05-30 12:59:12,355 - INFO - Video uploaded successfully.
2025-05-30 12:59:12,503 - INFO - Snapshot captured from video.
2025-05-30 12:59:12,503 - INFO - Snapshot captured from video.
2025-05-30 12:59:12,503 - INFO - Snapshot captured from video.
2025-05-30 12:59:12,503 - INFO - Snapshot captured from video.
2025-05-30 12:59:12,503 - INFO - Snapshot captured from video.
2025-05-30 12:59:12,503 - INFO - Snapshot captured from video.
2025-05-30 12:59:12,503 - INFO - Snapshot captured from video.
2025-05-30 12:59:12,503 - INFO - Snapshot captured from video.
2025-05-30 12:59:12,503 - INFO - Snapshot captured from video.
2025-05-30 12:59:12,503 - INFO - Snapshot captured from video.
2025-05-30 13:00:31,329 - INFO - Video uploaded successfully.
2025-05-30 13:00:31,329 - INFO - Video uploaded successfully.
2025-05-30 13:00:31,329 - INFO - Video uploaded successfully.
2025-05-30 13:00:31,329 - INFO - Video uploaded successfully.
2025-05-30 13:00:31,329 - INFO - Video uploaded successfully.
2025-05-30 13:00:31,329 - INFO - Video uploaded successfully.
2025-05-30 13:00:31,329 - INFO - Video uploaded successfully.
2025-05-30 13:00:31,329 - INFO - Video uploaded successfully.
2025-05-30 13:00:31,329 - INFO - Video uploaded successfully.
2025-05-30 13:00:31,329 - INFO - Video uploaded successfully.
2025-05-30 13:00:31,329 - INFO - Video uploaded successfully.
2025-05-30 13:00:31,329 - INFO - Video uploaded successfully.
2025-05-30 13:00:31,451 - INFO - Snapshot captured from video.
2025-05-30 13:00:31,451 - INFO - Snapshot captured from video.
2025-05-30 13:00:31,451 - INFO - Snapshot captured from video.
2025-05-30 13:00:31,451 - INFO - Snapshot captured from video.
2025-05-30 13:00:31,451 - INFO - Snapshot captured from video.
2025-05-30 13:00:31,451 - INFO - Snapshot captured from video.
2025-05-30 13:00:31,451 - INFO - Snapshot captured from video.
2025-05-30 13:00:31,451 - INFO - Snapshot captured from video.
2025-05-30 13:00:31,451 - INFO - Snapshot captured from video.
2025-05-30 13:00:31,451 - INFO - Snapshot captured from video.
2025-05-30 13:00:31,451 - INFO - Snapshot captured from video.
2025-05-30 13:00:31,451 - INFO - Snapshot captured from video.
2025-05-30 13:00:40,630 - INFO - Video uploaded successfully.
2025-05-30 13:00:40,630 - INFO - Video uploaded successfully.
2025-05-30 13:00:40,630 - INFO - Video uploaded successfully.
2025-05-30 13:00:40,630 - INFO - Video uploaded successfully.
2025-05-30 13:00:40,630 - INFO - Video uploaded successfully.
2025-05-30 13:00:40,630 - INFO - Video uploaded successfully.
2025-05-30 13:00:40,630 - INFO - Video uploaded successfully.
2025-05-30 13:00:40,630 - INFO - Video uploaded successfully.
2025-05-30 13:00:40,630 - INFO - Video uploaded successfully.
2025-05-30 13:00:40,630 - INFO - Video uploaded successfully.
2025-05-30 13:00:40,630 - INFO - Video uploaded successfully.
2025-05-30 13:00:40,630 - INFO - Video uploaded successfully.
2025-05-30 13:00:40,630 - INFO - Video uploaded successfully.
2025-05-30 13:00:40,630 - INFO - Video uploaded successfully.
2025-05-30 13:00:40,948 - INFO - Video uploaded successfully.
2025-05-30 13:00:40,948 - INFO - Video uploaded successfully.
2025-05-30 13:00:40,948 - INFO - Video uploaded successfully.
2025-05-30 13:00:40,948 - INFO - Video uploaded successfully.
2025-05-30 13:00:40,948 - INFO - Video uploaded successfully.
2025-05-30 13:00:40,948 - INFO - Video uploaded successfully.
2025-05-30 13:00:40,948 - INFO - Video uploaded successfully.
2025-05-30 13:00:40,948 - INFO - Video uploaded successfully.
2025-05-30 13:00:40,948 - INFO - Video uploaded successfully.
2025-05-30 13:00:40,948 - INFO - Video uploaded successfully.
2025-05-30 13:00:40,948 - INFO - Video uploaded successfully.
2025-05-30 13:00:40,948 - INFO - Video uploaded successfully.
2025-05-30 13:00:40,948 - INFO - Video uploaded successfully.
2025-05-30 13:00:40,948 - INFO - Video uploaded successfully.
2025-05-30 13:00:41,130 - INFO - Snapshot captured from video.
2025-05-30 13:00:41,130 - INFO - Snapshot captured from video.
2025-05-30 13:00:41,130 - INFO - Snapshot captured from video.
2025-05-30 13:00:41,130 - INFO - Snapshot captured from video.
2025-05-30 13:00:41,130 - INFO - Snapshot captured from video.
2025-05-30 13:00:41,130 - INFO - Snapshot captured from video.
2025-05-30 13:00:41,130 - INFO - Snapshot captured from video.
2025-05-30 13:00:41,130 - INFO - Snapshot captured from video.
2025-05-30 13:00:41,130 - INFO - Snapshot captured from video.
2025-05-30 13:00:41,130 - INFO - Snapshot captured from video.
2025-05-30 13:00:41,130 - INFO - Snapshot captured from video.
2025-05-30 13:00:41,130 - INFO - Snapshot captured from video.
2025-05-30 13:00:41,130 - INFO - Snapshot captured from video.
2025-05-30 13:00:41,130 - INFO - Snapshot captured from video.
2025-05-30 13:02:24,313 - INFO - Video uploaded successfully.
2025-05-30 13:02:24,313 - INFO - Video uploaded successfully.
2025-05-30 13:02:24,313 - INFO - Video uploaded successfully.
2025-05-30 13:02:24,313 - INFO - Video uploaded successfully.
2025-05-30 13:02:24,313 - INFO - Video uploaded successfully.
2025-05-30 13:02:24,313 - INFO - Video uploaded successfully.
2025-05-30 13:02:24,313 - INFO - Video uploaded successfully.
2025-05-30 13:02:24,313 - INFO - Video uploaded successfully.
2025-05-30 13:02:24,313 - INFO - Video uploaded successfully.
2025-05-30 13:02:24,313 - INFO - Video uploaded successfully.
2025-05-30 13:02:24,313 - INFO - Video uploaded successfully.
2025-05-30 13:02:24,313 - INFO - Video uploaded successfully.
2025-05-30 13:02:24,313 - INFO - Video uploaded successfully.
2025-05-30 13:02:24,313 - INFO - Video uploaded successfully.
2025-05-30 13:02:24,313 - INFO - Video uploaded successfully.
2025-05-30 13:02:24,450 - INFO - Snapshot captured from video.
2025-05-30 13:02:24,450 - INFO - Snapshot captured from video.
2025-05-30 13:02:24,450 - INFO - Snapshot captured from video.
2025-05-30 13:02:24,450 - INFO - Snapshot captured from video.
2025-05-30 13:02:24,450 - INFO - Snapshot captured from video.
2025-05-30 13:02:24,450 - INFO - Snapshot captured from video.
2025-05-30 13:02:24,450 - INFO - Snapshot captured from video.
2025-05-30 13:02:24,450 - INFO - Snapshot captured from video.
2025-05-30 13:02:24,450 - INFO - Snapshot captured from video.
2025-05-30 13:02:24,450 - INFO - Snapshot captured from video.
2025-05-30 13:02:24,450 - INFO - Snapshot captured from video.
2025-05-30 13:02:24,450 - INFO - Snapshot captured from video.
2025-05-30 13:02:24,450 - INFO - Snapshot captured from video.
2025-05-30 13:02:24,450 - INFO - Snapshot captured from video.
2025-05-30 13:02:24,450 - INFO - Snapshot captured from video.
2025-05-30 13:07:24,368 - INFO - Video uploaded successfully.
2025-05-30 13:07:24,368 - INFO - Video uploaded successfully.
2025-05-30 13:07:24,368 - INFO - Video uploaded successfully.
2025-05-30 13:07:24,368 - INFO - Video uploaded successfully.
2025-05-30 13:07:24,368 - INFO - Video uploaded successfully.
2025-05-30 13:07:24,368 - INFO - Video uploaded successfully.
2025-05-30 13:07:24,368 - INFO - Video uploaded successfully.
2025-05-30 13:07:24,368 - INFO - Video uploaded successfully.
2025-05-30 13:07:24,368 - INFO - Video uploaded successfully.
2025-05-30 13:07:24,368 - INFO - Video uploaded successfully.
2025-05-30 13:07:24,368 - INFO - Video uploaded successfully.
2025-05-30 13:07:24,368 - INFO - Video uploaded successfully.
2025-05-30 13:07:24,368 - INFO - Video uploaded successfully.
2025-05-30 13:07:24,368 - INFO - Video uploaded successfully.
2025-05-30 13:07:24,368 - INFO - Video uploaded successfully.
2025-05-30 13:07:24,368 - INFO - Video uploaded successfully.
2025-05-30 13:07:24,368 - INFO - Video uploaded successfully.
2025-05-30 13:07:24,459 - INFO - Snapshot captured from video.
2025-05-30 13:07:24,459 - INFO - Snapshot captured from video.
2025-05-30 13:07:24,459 - INFO - Snapshot captured from video.
2025-05-30 13:07:24,459 - INFO - Snapshot captured from video.
2025-05-30 13:07:24,459 - INFO - Snapshot captured from video.
2025-05-30 13:07:24,459 - INFO - Snapshot captured from video.
2025-05-30 13:07:24,459 - INFO - Snapshot captured from video.
2025-05-30 13:07:24,459 - INFO - Snapshot captured from video.
2025-05-30 13:07:24,459 - INFO - Snapshot captured from video.
2025-05-30 13:07:24,459 - INFO - Snapshot captured from video.
2025-05-30 13:07:24,459 - INFO - Snapshot captured from video.
2025-05-30 13:07:24,459 - INFO - Snapshot captured from video.
2025-05-30 13:07:24,459 - INFO - Snapshot captured from video.
2025-05-30 13:07:24,459 - INFO - Snapshot captured from video.
2025-05-30 13:07:24,459 - INFO - Snapshot captured from video.
2025-05-30 13:07:24,459 - INFO - Snapshot captured from video.
2025-05-30 13:07:24,459 - INFO - Snapshot captured from video.
2025-05-30 13:07:25,439 - INFO - Video uploaded successfully.
2025-05-30 13:07:25,439 - INFO - Video uploaded successfully.
2025-05-30 13:07:25,439 - INFO - Video uploaded successfully.
2025-05-30 13:07:25,439 - INFO - Video uploaded successfully.
2025-05-30 13:07:25,439 - INFO - Video uploaded successfully.
2025-05-30 13:07:25,439 - INFO - Video uploaded successfully.
2025-05-30 13:07:25,439 - INFO - Video uploaded successfully.
2025-05-30 13:07:25,439 - INFO - Video uploaded successfully.
2025-05-30 13:07:25,439 - INFO - Video uploaded successfully.
2025-05-30 13:07:25,439 - INFO - Video uploaded successfully.
2025-05-30 13:07:25,439 - INFO - Video uploaded successfully.
2025-05-30 13:07:25,439 - INFO - Video uploaded successfully.
2025-05-30 13:07:25,439 - INFO - Video uploaded successfully.
2025-05-30 13:07:25,439 - INFO - Video uploaded successfully.
2025-05-30 13:07:25,439 - INFO - Video uploaded successfully.
2025-05-30 13:07:25,439 - INFO - Video uploaded successfully.
2025-05-30 13:07:25,439 - INFO - Video uploaded successfully.
2025-05-30 13:07:25,439 - INFO - Video uploaded successfully.
2025-05-30 13:07:25,439 - INFO - Video uploaded successfully.
2025-05-30 13:07:25,837 - INFO - Video uploaded successfully.
2025-05-30 13:07:25,837 - INFO - Video uploaded successfully.
2025-05-30 13:07:25,837 - INFO - Video uploaded successfully.
2025-05-30 13:07:25,837 - INFO - Video uploaded successfully.
2025-05-30 13:07:25,837 - INFO - Video uploaded successfully.
2025-05-30 13:07:25,837 - INFO - Video uploaded successfully.
2025-05-30 13:07:25,837 - INFO - Video uploaded successfully.
2025-05-30 13:07:25,837 - INFO - Video uploaded successfully.
2025-05-30 13:07:25,837 - INFO - Video uploaded successfully.
2025-05-30 13:07:25,837 - INFO - Video uploaded successfully.
2025-05-30 13:07:25,837 - INFO - Video uploaded successfully.
2025-05-30 13:07:25,837 - INFO - Video uploaded successfully.
2025-05-30 13:07:25,837 - INFO - Video uploaded successfully.
2025-05-30 13:07:25,837 - INFO - Video uploaded successfully.
2025-05-30 13:07:25,837 - INFO - Video uploaded successfully.
2025-05-30 13:07:25,837 - INFO - Video uploaded successfully.
2025-05-30 13:07:25,837 - INFO - Video uploaded successfully.
2025-05-30 13:07:25,837 - INFO - Video uploaded successfully.
2025-05-30 13:07:25,837 - INFO - Video uploaded successfully.
2025-05-30 13:07:25,949 - INFO - Snapshot captured from video.
2025-05-30 13:07:25,949 - INFO - Snapshot captured from video.
2025-05-30 13:07:25,949 - INFO - Snapshot captured from video.
2025-05-30 13:07:25,949 - INFO - Snapshot captured from video.
2025-05-30 13:07:25,949 - INFO - Snapshot captured from video.
2025-05-30 13:07:25,949 - INFO - Snapshot captured from video.
2025-05-30 13:07:25,949 - INFO - Snapshot captured from video.
2025-05-30 13:07:25,949 - INFO - Snapshot captured from video.
2025-05-30 13:07:25,949 - INFO - Snapshot captured from video.
2025-05-30 13:07:25,949 - INFO - Snapshot captured from video.
2025-05-30 13:07:25,949 - INFO - Snapshot captured from video.
2025-05-30 13:07:25,949 - INFO - Snapshot captured from video.
2025-05-30 13:07:25,949 - INFO - Snapshot captured from video.
2025-05-30 13:07:25,949 - INFO - Snapshot captured from video.
2025-05-30 13:07:25,949 - INFO - Snapshot captured from video.
2025-05-30 13:07:25,949 - INFO - Snapshot captured from video.
2025-05-30 13:07:25,949 - INFO - Snapshot captured from video.
2025-05-30 13:07:25,949 - INFO - Snapshot captured from video.
2025-05-30 13:07:25,949 - INFO - Snapshot captured from video.
2025-05-30 13:13:08,709 - INFO - Video uploaded successfully.
2025-05-30 13:13:08,709 - INFO - Video uploaded successfully.
2025-05-30 13:13:08,709 - INFO - Video uploaded successfully.
2025-05-30 13:13:09,019 - INFO - Snapshot captured from video.
2025-05-30 13:13:09,019 - INFO - Snapshot captured from video.
2025-05-30 13:13:09,019 - INFO - Snapshot captured from video.
2025-05-30 13:13:11,738 - INFO - Video uploaded successfully.
2025-05-30 13:13:11,738 - INFO - Video uploaded successfully.
2025-05-30 13:13:11,738 - INFO - Video uploaded successfully.
2025-05-30 13:13:11,738 - INFO - Video uploaded successfully.
2025-05-30 13:13:11,738 - INFO - Video uploaded successfully.
2025-05-30 13:13:12,322 - INFO - Video uploaded successfully.
2025-05-30 13:13:12,322 - INFO - Video uploaded successfully.
2025-05-30 13:13:12,322 - INFO - Video uploaded successfully.
2025-05-30 13:13:12,322 - INFO - Video uploaded successfully.
2025-05-30 13:13:12,322 - INFO - Video uploaded successfully.
2025-05-30 13:13:12,532 - INFO - Snapshot captured from video.
2025-05-30 13:13:12,532 - INFO - Snapshot captured from video.
2025-05-30 13:13:12,532 - INFO - Snapshot captured from video.
2025-05-30 13:13:12,532 - INFO - Snapshot captured from video.
2025-05-30 13:13:12,532 - INFO - Snapshot captured from video.
2025-05-30 13:14:43,357 - INFO - Video uploaded successfully.
2025-05-30 13:14:43,357 - INFO - Video uploaded successfully.
2025-05-30 13:14:43,357 - INFO - Video uploaded successfully.
2025-05-30 13:14:43,357 - INFO - Video uploaded successfully.
2025-05-30 13:14:43,357 - INFO - Video uploaded successfully.
2025-05-30 13:14:43,357 - INFO - Video uploaded successfully.
2025-05-30 13:14:43,357 - INFO - Video uploaded successfully.
2025-05-30 13:14:43,623 - INFO - Video uploaded successfully.
2025-05-30 13:14:43,623 - INFO - Video uploaded successfully.
2025-05-30 13:14:43,623 - INFO - Video uploaded successfully.
2025-05-30 13:14:43,623 - INFO - Video uploaded successfully.
2025-05-30 13:14:43,623 - INFO - Video uploaded successfully.
2025-05-30 13:14:43,623 - INFO - Video uploaded successfully.
2025-05-30 13:14:43,623 - INFO - Video uploaded successfully.
2025-05-30 13:14:43,736 - INFO - Snapshot captured from video.
2025-05-30 13:14:43,736 - INFO - Snapshot captured from video.
2025-05-30 13:14:43,736 - INFO - Snapshot captured from video.
2025-05-30 13:14:43,736 - INFO - Snapshot captured from video.
2025-05-30 13:14:43,736 - INFO - Snapshot captured from video.
2025-05-30 13:14:43,736 - INFO - Snapshot captured from video.
2025-05-30 13:14:43,736 - INFO - Snapshot captured from video.
2025-05-30 13:14:48,093 - INFO - Video uploaded successfully.
2025-05-30 13:14:48,093 - INFO - Video uploaded successfully.
2025-05-30 13:14:48,093 - INFO - Video uploaded successfully.
2025-05-30 13:14:48,093 - INFO - Video uploaded successfully.
2025-05-30 13:14:48,093 - INFO - Video uploaded successfully.
2025-05-30 13:14:48,093 - INFO - Video uploaded successfully.
2025-05-30 13:14:48,093 - INFO - Video uploaded successfully.
2025-05-30 13:14:48,093 - INFO - Video uploaded successfully.
2025-05-30 13:14:48,219 - INFO - Snapshot captured from video.
2025-05-30 13:14:48,219 - INFO - Snapshot captured from video.
2025-05-30 13:14:48,219 - INFO - Snapshot captured from video.
2025-05-30 13:14:48,219 - INFO - Snapshot captured from video.
2025-05-30 13:14:48,219 - INFO - Snapshot captured from video.
2025-05-30 13:14:48,219 - INFO - Snapshot captured from video.
2025-05-30 13:14:48,219 - INFO - Snapshot captured from video.
2025-05-30 13:14:48,219 - INFO - Snapshot captured from video.
2025-05-30 13:14:50,049 - INFO - Video uploaded successfully.
2025-05-30 13:14:50,049 - INFO - Video uploaded successfully.
2025-05-30 13:14:50,049 - INFO - Video uploaded successfully.
2025-05-30 13:14:50,049 - INFO - Video uploaded successfully.
2025-05-30 13:14:50,049 - INFO - Video uploaded successfully.
2025-05-30 13:14:50,049 - INFO - Video uploaded successfully.
2025-05-30 13:14:50,049 - INFO - Video uploaded successfully.
2025-05-30 13:14:50,049 - INFO - Video uploaded successfully.
2025-05-30 13:14:50,049 - INFO - Video uploaded successfully.
2025-05-30 13:14:50,213 - INFO - Snapshot captured from video.
2025-05-30 13:14:50,213 - INFO - Snapshot captured from video.
2025-05-30 13:14:50,213 - INFO - Snapshot captured from video.
2025-05-30 13:14:50,213 - INFO - Snapshot captured from video.
2025-05-30 13:14:50,213 - INFO - Snapshot captured from video.
2025-05-30 13:14:50,213 - INFO - Snapshot captured from video.
2025-05-30 13:14:50,213 - INFO - Snapshot captured from video.
2025-05-30 13:14:50,213 - INFO - Snapshot captured from video.
2025-05-30 13:14:50,213 - INFO - Snapshot captured from video.
2025-05-30 13:18:01,686 - INFO - Video uploaded successfully.
2025-05-30 13:18:01,686 - INFO - Video uploaded successfully.
2025-05-30 13:18:01,686 - INFO - Video uploaded successfully.
2025-05-30 13:18:01,686 - INFO - Video uploaded successfully.
2025-05-30 13:18:01,956 - INFO - Snapshot captured from video.
2025-05-30 13:18:01,956 - INFO - Snapshot captured from video.
2025-05-30 13:18:01,956 - INFO - Snapshot captured from video.
2025-05-30 13:18:01,956 - INFO - Snapshot captured from video.
2025-05-30 13:18:10,382 - INFO - Video uploaded successfully.
2025-05-30 13:18:10,382 - INFO - Video uploaded successfully.
2025-05-30 13:18:10,382 - INFO - Video uploaded successfully.
2025-05-30 13:18:10,382 - INFO - Video uploaded successfully.
2025-05-30 13:18:10,382 - INFO - Video uploaded successfully.
2025-05-30 13:18:10,382 - INFO - Video uploaded successfully.
2025-05-30 13:18:10,744 - INFO - Video uploaded successfully.
2025-05-30 13:18:10,744 - INFO - Video uploaded successfully.
2025-05-30 13:18:10,744 - INFO - Video uploaded successfully.
2025-05-30 13:18:10,744 - INFO - Video uploaded successfully.
2025-05-30 13:18:10,744 - INFO - Video uploaded successfully.
2025-05-30 13:18:10,744 - INFO - Video uploaded successfully.
2025-05-30 13:18:10,877 - INFO - Snapshot captured from video.
2025-05-30 13:18:10,877 - INFO - Snapshot captured from video.
2025-05-30 13:18:10,877 - INFO - Snapshot captured from video.
2025-05-30 13:18:10,877 - INFO - Snapshot captured from video.
2025-05-30 13:18:10,877 - INFO - Snapshot captured from video.
2025-05-30 13:18:10,877 - INFO - Snapshot captured from video.
